          ok  Starting unison for sync sync
          ok  sync container still running, restarting unison in container
          ok  Synced /Users/yuuum/todo-laravel/backend
     success  Unison server started
          ok  Synced /Users/yuuum/todo-laravel/backend
     success  Starting to watch /Users/yuuum/todo-laravel/backend - Press CTRL-C to stop
[2021-05-31 21:39:56 +0900] Sync sync            ok  Synced /Users/yuuum/todo-laravel/backend
[2021-05-31 21:40:19 +0900] Sync sync            ok  Synced /Users/yuuum/todo-laravel/backend
[2021-05-31 21:40:32 +0900] Sync sync            ok  Synced /Users/yuuum/todo-laravel/backend
[2021-05-31 21:40:48 +0900] Sync sync            ok  Synced /Users/yuuum/todo-laravel/backend
[2021-05-31 21:41:02 +0900] Sync sync            ok  Synced /Users/yuuum/todo-laravel/backend
[2021-05-31 21:41:10 +0900] Sync sync            ok  Synced /Users/yuuum/todo-laravel/backend
[2021-05-31 21:41:18 +0900] Sync sync            ok  Synced /Users/yuuum/todo-laravel/backend
[2021-05-31 21:41:24 +0900] Sync sync            ok  Synced /Users/yuuum/todo-laravel/backend
[2021-05-31 21:41:32 +0900] Sync sync            ok  Synced /Users/yuuum/todo-laravel/backend
[2021-05-31 21:41:39 +0900] Sync sync            ok  Synced /Users/yuuum/todo-laravel/backend
[2021-05-31 21:41:50 +0900] Sync sync            ok  Synced /Users/yuuum/todo-laravel/backend
[2021-05-31 21:41:59 +0900] Sync sync            ok  Synced /Users/yuuum/todo-laravel/backend
[2021-05-31 21:42:08 +0900] Sync sync            ok  Synced /Users/yuuum/todo-laravel/backend
[2021-05-31 21:42:18 +0900] Sync sync            ok  Synced /Users/yuuum/todo-laravel/backend
[2021-05-31 21:42:24 +0900] Sync sync            ok  Synced /Users/yuuum/todo-laravel/backend
[2021-05-31 21:42:30 +0900] Sync sync            ok  Synced /Users/yuuum/todo-laravel/backend
[2021-05-31 21:42:37 +0900] Sync sync            ok  Synced /Users/yuuum/todo-laravel/backend
[2021-05-31 21:42:45 +0900] Sync sync            ok  Synced /Users/yuuum/todo-laravel/backend
[2021-05-31 21:42:50 +0900] Sync sync            ok  Synced /Users/yuuum/todo-laravel/backend
[2021-05-31 21:42:55 +0900] Sync sync            ok  Synced /Users/yuuum/todo-laravel/backend
[2021-05-31 21:43:01 +0900] Sync sync            ok  Synced /Users/yuuum/todo-laravel/backend
[2021-05-31 21:43:07 +0900] Sync sync            ok  Synced /Users/yuuum/todo-laravel/backend
[2021-05-31 21:43:13 +0900] Sync sync            ok  Synced /Users/yuuum/todo-laravel/backend
[2021-05-31 21:43:21 +0900] Sync sync            ok  Synced /Users/yuuum/todo-laravel/backend
[2021-05-31 21:43:28 +0900] Sync sync            ok  Synced /Users/yuuum/todo-laravel/backend
[2021-05-31 21:43:34 +0900] Sync sync            ok  Synced /Users/yuuum/todo-laravel/backend
[2021-05-31 21:43:40 +0900] Sync sync            ok  Synced /Users/yuuum/todo-laravel/backend
[2021-05-31 21:43:50 +0900] Sync sync            ok  Synced /Users/yuuum/todo-laravel/backend
[2021-05-31 21:43:58 +0900] Sync sync            ok  Synced /Users/yuuum/todo-laravel/backend
[2021-05-31 21:44:02 +0900] Sync sync            ok  Synced /Users/yuuum/todo-laravel/backend
[2021-05-31 21:44:07 +0900] Sync sync            ok  Synced /Users/yuuum/todo-laravel/backend
[2021-05-31 21:44:15 +0900] Sync sync            ok  Synced /Users/yuuum/todo-laravel/backend
[2021-05-31 21:44:23 +0900] Sync sync            ok  Synced /Users/yuuum/todo-laravel/backend
[2021-05-31 21:44:32 +0900] Sync sync            ok  Synced /Users/yuuum/todo-laravel/backend
[2021-05-31 21:44:41 +0900] Sync sync            ok  Synced /Users/yuuum/todo-laravel/backend
[2021-05-31 21:44:50 +0900] Sync sync            ok  Synced /Users/yuuum/todo-laravel/backend
[2021-05-31 21:44:58 +0900] Sync sync            ok  Synced /Users/yuuum/todo-laravel/backend
[2021-05-31 21:45:04 +0900] Sync sync            ok  Synced /Users/yuuum/todo-laravel/backend
[2021-05-31 21:45:10 +0900] Sync sync            ok  Synced /Users/yuuum/todo-laravel/backend
